
INFO [2023-10-31T16:59:22.233Z]: Set User: a4be037d-6ee1-40db-ab8b-776ce0c4e912
INFO [2023-10-31T16:59:25.533Z]: Tracking open event
INFO [2023-10-31T16:59:25.550Z]: opened
INFO [2023-10-31T17:11:27.528Z]: Set User: a4be037d-6ee1-40db-ab8b-776ce0c4e912
INFO [2023-10-31T17:11:27.528Z]: Set Tag: sentry_scope: vscode-extension
INFO [2023-10-31T17:11:31.758Z]: Tracking open event
INFO [2023-10-31T17:11:31.769Z]: {}
INFO [2023-11-01T16:06:03.230Z]: Set User: a4be037d-6ee1-40db-ab8b-776ce0c4e912
INFO [2023-11-01T16:06:06.317Z]: Tracking open event
INFO [2023-11-01T16:06:06.375Z]: {}
INFO [2023-11-02T16:13:49.012Z]: Tracking open event
INFO [2023-11-02T16:13:49.016Z]: Creating language service
INFO [2023-11-02T16:13:49.016Z]: Creating settings service
INFO [2023-11-02T16:13:49.017Z]: Creating workspace service
INFO [2023-11-02T16:13:49.017Z]: Creating remote AI
INFO [2023-11-02T16:13:49.017Z]: Creating feedback service
INFO [2023-11-02T16:13:49.018Z]: Creating share service
INFO [2023-11-02T16:13:49.018Z]: Creating workspace controller
INFO [2023-11-02T16:13:49.018Z]: Enabling workspace listeners
INFO [2023-11-02T16:13:49.019Z]: Creating source
INFO [2023-11-02T16:13:49.019Z]: Initializing workspace controller
INFO [2023-11-02T16:13:49.021Z]: opened
INFO [2023-11-02T16:13:49.021Z]: {}